<?xml version="1.0" encoding="UTF-8"?>
<testsuite xmlns:xsi="http://www.w3.org/2001/XMLSchema-instance" xsi:noNamespaceSchemaLocation="https://maven.apache.org/surefire/maven-surefire-plugin/xsd/surefire-test-report.xsd" name="feedme.NoSqlConnectionTests" time="2.558" tests="11" errors="0" skipped="0" failures="1">
  <properties>
    <property name="sun.desktop" value="gnome"/>
    <property name="awt.toolkit" value="sun.awt.X11.XToolkit"/>
    <property name="file.encoding.pkg" value="sun.io"/>
    <property name="java.specification.version" value="1.8"/>
    <property name="sun.cpu.isalist" value=""/>
    <property name="sun.jnu.encoding" value="UTF-8"/>
    <property name="java.class.path" value="/home/mike/Projects/dev/feedme/target/test-classes:/home/mike/Projects/dev/feedme/target/classes:/home/mike/.m2/repository/org/springframework/boot/spring-boot-starter-aop/2.0.1.RELEASE/spring-boot-starter-aop-2.0.1.RELEASE.jar:/home/mike/.m2/repository/org/springframework/boot/spring-boot-starter/2.0.1.RELEASE/spring-boot-starter-2.0.1.RELEASE.jar:/home/mike/.m2/repository/org/springframework/boot/spring-boot/2.0.1.RELEASE/spring-boot-2.0.1.RELEASE.jar:/home/mike/.m2/repository/org/springframework/spring-context/5.0.5.RELEASE/spring-context-5.0.5.RELEASE.jar:/home/mike/.m2/repository/org/springframework/spring-expression/5.0.5.RELEASE/spring-expression-5.0.5.RELEASE.jar:/home/mike/.m2/repository/org/springframework/boot/spring-boot-autoconfigure/2.0.1.RELEASE/spring-boot-autoconfigure-2.0.1.RELEASE.jar:/home/mike/.m2/repository/org/springframework/boot/spring-boot-starter-logging/2.0.1.RELEASE/spring-boot-starter-logging-2.0.1.RELEASE.jar:/home/mike/.m2/repository/ch/qos/logback/logback-classic/1.2.3/logback-classic-1.2.3.jar:/home/mike/.m2/repository/ch/qos/logback/logback-core/1.2.3/logback-core-1.2.3.jar:/home/mike/.m2/repository/org/slf4j/slf4j-api/1.7.25/slf4j-api-1.7.25.jar:/home/mike/.m2/repository/org/apache/logging/log4j/log4j-to-slf4j/2.10.0/log4j-to-slf4j-2.10.0.jar:/home/mike/.m2/repository/org/apache/logging/log4j/log4j-api/2.10.0/log4j-api-2.10.0.jar:/home/mike/.m2/repository/org/slf4j/jul-to-slf4j/1.7.25/jul-to-slf4j-1.7.25.jar:/home/mike/.m2/repository/javax/annotation/javax.annotation-api/1.3.2/javax.annotation-api-1.3.2.jar:/home/mike/.m2/repository/org/springframework/spring-core/5.0.5.RELEASE/spring-core-5.0.5.RELEASE.jar:/home/mike/.m2/repository/org/springframework/spring-jcl/5.0.5.RELEASE/spring-jcl-5.0.5.RELEASE.jar:/home/mike/.m2/repository/org/yaml/snakeyaml/1.19/snakeyaml-1.19.jar:/home/mike/.m2/repository/org/springframework/spring-aop/5.0.5.RELEASE/spring-aop-5.0.5.RELEASE.jar:/home/mike/.m2/repository/org/springframework/spring-beans/5.0.5.RELEASE/spring-beans-5.0.5.RELEASE.jar:/home/mike/.m2/repository/org/aspectj/aspectjweaver/1.8.13/aspectjweaver-1.8.13.jar:/home/mike/.m2/repository/com/fasterxml/jackson/core/jackson-databind/2.9.5/jackson-databind-2.9.5.jar:/home/mike/.m2/repository/com/fasterxml/jackson/core/jackson-annotations/2.9.0/jackson-annotations-2.9.0.jar:/home/mike/.m2/repository/com/fasterxml/jackson/core/jackson-core/2.9.5/jackson-core-2.9.5.jar:/home/mike/.m2/repository/org/projectlombok/lombok/1.16.8/lombok-1.16.8.jar:/home/mike/.m2/repository/log4j/log4j/1.2.12/log4j-1.2.12.jar:/home/mike/.m2/repository/org/jdom/jdom2/2.0.6/jdom2-2.0.6.jar:/home/mike/.m2/repository/com/fasterxml/jackson/dataformat/jackson-dataformat-xml/2.9.0/jackson-dataformat-xml-2.9.0.jar:/home/mike/.m2/repository/com/fasterxml/jackson/module/jackson-module-jaxb-annotations/2.9.5/jackson-module-jaxb-annotations-2.9.5.jar:/home/mike/.m2/repository/org/codehaus/woodstox/stax2-api/3.1.4/stax2-api-3.1.4.jar:/home/mike/.m2/repository/com/fasterxml/woodstox/woodstox-core/5.0.3/woodstox-core-5.0.3.jar:/home/mike/.m2/repository/org/glassfish/javax.json/1.0.4/javax.json-1.0.4.jar:/home/mike/.m2/repository/com/google/code/gson/gson/2.8.5/gson-2.8.5.jar:/home/mike/.m2/repository/org/mongodb/mongo-java-driver/3.8.0/mongo-java-driver-3.8.0.jar:/home/mike/.m2/repository/org/zeromq/jeromq/0.4.3/jeromq-0.4.3.jar:/home/mike/.m2/repository/org/zeromq/jnacl/0.1.0/jnacl-0.1.0.jar:/home/mike/.m2/repository/junit/junit/4.12/junit-4.12.jar:/home/mike/.m2/repository/org/hamcrest/hamcrest-core/1.3/hamcrest-core-1.3.jar:/home/mike/.m2/repository/commons-io/commons-io/2.4/commons-io-2.4.jar:"/>
    <property name="java.vm.vendor" value="Oracle Corporation"/>
    <property name="sun.arch.data.model" value="64"/>
    <property name="java.vendor.url" value="http://java.oracle.com/"/>
    <property name="user.timezone" value=""/>
    <property name="java.vm.specification.version" value="1.8"/>
    <property name="os.name" value="Linux"/>
    <property name="user.country" value="GB"/>
    <property name="sun.java.launcher" value="SUN_STANDARD"/>
    <property name="sun.boot.library.path" value="/usr/lib/jvm/java-8-openjdk-amd64/jre/lib/amd64"/>
    <property name="sun.java.command" value="/home/mike/Projects/dev/feedme/target/surefire/surefirebooter5124682586120707556.jar /home/mike/Projects/dev/feedme/target/surefire 2018-07-01T19-53-09_062-jvmRun1 surefire4047560673965408690tmp surefire_04816463755883126956tmp"/>
    <property name="surefire.test.class.path" value="/home/mike/Projects/dev/feedme/target/test-classes:/home/mike/Projects/dev/feedme/target/classes:/home/mike/.m2/repository/org/springframework/boot/spring-boot-starter-aop/2.0.1.RELEASE/spring-boot-starter-aop-2.0.1.RELEASE.jar:/home/mike/.m2/repository/org/springframework/boot/spring-boot-starter/2.0.1.RELEASE/spring-boot-starter-2.0.1.RELEASE.jar:/home/mike/.m2/repository/org/springframework/boot/spring-boot/2.0.1.RELEASE/spring-boot-2.0.1.RELEASE.jar:/home/mike/.m2/repository/org/springframework/spring-context/5.0.5.RELEASE/spring-context-5.0.5.RELEASE.jar:/home/mike/.m2/repository/org/springframework/spring-expression/5.0.5.RELEASE/spring-expression-5.0.5.RELEASE.jar:/home/mike/.m2/repository/org/springframework/boot/spring-boot-autoconfigure/2.0.1.RELEASE/spring-boot-autoconfigure-2.0.1.RELEASE.jar:/home/mike/.m2/repository/org/springframework/boot/spring-boot-starter-logging/2.0.1.RELEASE/spring-boot-starter-logging-2.0.1.RELEASE.jar:/home/mike/.m2/repository/ch/qos/logback/logback-classic/1.2.3/logback-classic-1.2.3.jar:/home/mike/.m2/repository/ch/qos/logback/logback-core/1.2.3/logback-core-1.2.3.jar:/home/mike/.m2/repository/org/slf4j/slf4j-api/1.7.25/slf4j-api-1.7.25.jar:/home/mike/.m2/repository/org/apache/logging/log4j/log4j-to-slf4j/2.10.0/log4j-to-slf4j-2.10.0.jar:/home/mike/.m2/repository/org/apache/logging/log4j/log4j-api/2.10.0/log4j-api-2.10.0.jar:/home/mike/.m2/repository/org/slf4j/jul-to-slf4j/1.7.25/jul-to-slf4j-1.7.25.jar:/home/mike/.m2/repository/javax/annotation/javax.annotation-api/1.3.2/javax.annotation-api-1.3.2.jar:/home/mike/.m2/repository/org/springframework/spring-core/5.0.5.RELEASE/spring-core-5.0.5.RELEASE.jar:/home/mike/.m2/repository/org/springframework/spring-jcl/5.0.5.RELEASE/spring-jcl-5.0.5.RELEASE.jar:/home/mike/.m2/repository/org/yaml/snakeyaml/1.19/snakeyaml-1.19.jar:/home/mike/.m2/repository/org/springframework/spring-aop/5.0.5.RELEASE/spring-aop-5.0.5.RELEASE.jar:/home/mike/.m2/repository/org/springframework/spring-beans/5.0.5.RELEASE/spring-beans-5.0.5.RELEASE.jar:/home/mike/.m2/repository/org/aspectj/aspectjweaver/1.8.13/aspectjweaver-1.8.13.jar:/home/mike/.m2/repository/com/fasterxml/jackson/core/jackson-databind/2.9.5/jackson-databind-2.9.5.jar:/home/mike/.m2/repository/com/fasterxml/jackson/core/jackson-annotations/2.9.0/jackson-annotations-2.9.0.jar:/home/mike/.m2/repository/com/fasterxml/jackson/core/jackson-core/2.9.5/jackson-core-2.9.5.jar:/home/mike/.m2/repository/org/projectlombok/lombok/1.16.8/lombok-1.16.8.jar:/home/mike/.m2/repository/log4j/log4j/1.2.12/log4j-1.2.12.jar:/home/mike/.m2/repository/org/jdom/jdom2/2.0.6/jdom2-2.0.6.jar:/home/mike/.m2/repository/com/fasterxml/jackson/dataformat/jackson-dataformat-xml/2.9.0/jackson-dataformat-xml-2.9.0.jar:/home/mike/.m2/repository/com/fasterxml/jackson/module/jackson-module-jaxb-annotations/2.9.5/jackson-module-jaxb-annotations-2.9.5.jar:/home/mike/.m2/repository/org/codehaus/woodstox/stax2-api/3.1.4/stax2-api-3.1.4.jar:/home/mike/.m2/repository/com/fasterxml/woodstox/woodstox-core/5.0.3/woodstox-core-5.0.3.jar:/home/mike/.m2/repository/org/glassfish/javax.json/1.0.4/javax.json-1.0.4.jar:/home/mike/.m2/repository/com/google/code/gson/gson/2.8.5/gson-2.8.5.jar:/home/mike/.m2/repository/org/mongodb/mongo-java-driver/3.8.0/mongo-java-driver-3.8.0.jar:/home/mike/.m2/repository/org/zeromq/jeromq/0.4.3/jeromq-0.4.3.jar:/home/mike/.m2/repository/org/zeromq/jnacl/0.1.0/jnacl-0.1.0.jar:/home/mike/.m2/repository/junit/junit/4.12/junit-4.12.jar:/home/mike/.m2/repository/org/hamcrest/hamcrest-core/1.3/hamcrest-core-1.3.jar:/home/mike/.m2/repository/commons-io/commons-io/2.4/commons-io-2.4.jar:"/>
    <property name="sun.cpu.endian" value="little"/>
    <property name="user.home" value="/home/mike"/>
    <property name="user.language" value="en"/>
    <property name="java.specification.vendor" value="Oracle Corporation"/>
    <property name="java.home" value="/usr/lib/jvm/java-8-openjdk-amd64/jre"/>
    <property name="basedir" value="/home/mike/Projects/dev/feedme"/>
    <property name="file.separator" value="/"/>
    <property name="line.separator" value="&#10;"/>
    <property name="java.vm.specification.vendor" value="Oracle Corporation"/>
    <property name="java.specification.name" value="Java Platform API Specification"/>
    <property name="java.awt.graphicsenv" value="sun.awt.X11GraphicsEnvironment"/>
    <property name="surefire.real.class.path" value="/home/mike/Projects/dev/feedme/target/surefire/surefirebooter5124682586120707556.jar"/>
    <property name="sun.boot.class.path" value="/usr/lib/jvm/java-8-openjdk-amd64/jre/lib/resources.jar:/usr/lib/jvm/java-8-openjdk-amd64/jre/lib/rt.jar:/usr/lib/jvm/java-8-openjdk-amd64/jre/lib/sunrsasign.jar:/usr/lib/jvm/java-8-openjdk-amd64/jre/lib/jsse.jar:/usr/lib/jvm/java-8-openjdk-amd64/jre/lib/jce.jar:/usr/lib/jvm/java-8-openjdk-amd64/jre/lib/charsets.jar:/usr/lib/jvm/java-8-openjdk-amd64/jre/lib/jfr.jar:/usr/lib/jvm/java-8-openjdk-amd64/jre/classes"/>
    <property name="sun.management.compiler" value="HotSpot 64-Bit Tiered Compilers"/>
    <property name="java.runtime.version" value="1.8.0_171-8u171-b11-0ubuntu0.16.04.1-b11"/>
    <property name="user.name" value="mike"/>
    <property name="path.separator" value=":"/>
    <property name="os.version" value="4.13.0-45-generic"/>
    <property name="java.endorsed.dirs" value="/usr/lib/jvm/java-8-openjdk-amd64/jre/lib/endorsed"/>
    <property name="java.runtime.name" value="OpenJDK Runtime Environment"/>
    <property name="file.encoding" value="UTF-8"/>
    <property name="java.vm.name" value="OpenJDK 64-Bit Server VM"/>
    <property name="localRepository" value="/home/mike/.m2/repository"/>
    <property name="java.vendor.url.bug" value="http://bugreport.sun.com/bugreport/"/>
    <property name="java.io.tmpdir" value="/tmp"/>
    <property name="java.version" value="1.8.0_171"/>
    <property name="user.dir" value="/home/mike/Projects/dev/feedme"/>
    <property name="os.arch" value="amd64"/>
    <property name="java.vm.specification.name" value="Java Virtual Machine Specification"/>
    <property name="java.awt.printerjob" value="sun.print.PSPrinterJob"/>
    <property name="sun.os.patch.level" value="unknown"/>
    <property name="java.library.path" value="/usr/java/packages/lib/amd64:/usr/lib/x86_64-linux-gnu/jni:/lib/x86_64-linux-gnu:/usr/lib/x86_64-linux-gnu:/usr/lib/jni:/lib:/usr/lib"/>
    <property name="java.vm.info" value="mixed mode"/>
    <property name="java.vendor" value="Oracle Corporation"/>
    <property name="java.vm.version" value="25.171-b11"/>
    <property name="java.ext.dirs" value="/usr/lib/jvm/java-8-openjdk-amd64/jre/lib/ext:/usr/java/packages/lib/ext"/>
    <property name="sun.io.unicode.encoding" value="UnicodeLittle"/>
    <property name="java.class.version" value="52.0"/>
  </properties>
  <testcase name="insertCreateEventDocumentIntoDatabaseCollection_FindWithInValidEventID_ReturnsNullDocument" classname="feedme.NoSqlConnectionTests" time="0.258"/>
  <testcase name="updateMarketOperations_preservesOrder" classname="feedme.NoSqlConnectionTests" time="0.229"/>
  <testcase name="checkDatabaseConnectionIsOpen" classname="feedme.NoSqlConnectionTests" time="0.05"/>
  <testcase name="updateEventFixtureDocument_FindWithValidEventId_ReturnsUpdatedDocument" classname="feedme.NoSqlConnectionTests" time="0.171"/>
  <testcase name="insertEventDocumentIntoEmptyDatabaseCollection_FindWithValidEventID_ReturnsCorrectDocument" classname="feedme.NoSqlConnectionTests" time="0.262"/>
  <testcase name="replaceEventFixtureDocument_FindWithValidEventID_ReturnsReplacedDocument_WithEmptyMarkets" classname="feedme.NoSqlConnectionTests" time="0.184"/>
  <testcase name="updateEventFixtureOperations_preservesOrder" classname="feedme.NoSqlConnectionTests" time="0.22"/>
  <testcase name="addMarketToFixtureDocument_FindWithValidMarketID_ReturnsUpdatedDocument" classname="feedme.NoSqlConnectionTests" time="0.237"/>
  <testcase name="addOutcomeToAssociatedMarketInEventFixtureDocument_FindWithValidOutcomeID_ReturnsUpdatedDocument" classname="feedme.NoSqlConnectionTests" time="0.208"/>
  <testcase name="updateMarketOutcomeInEventFixtureDocument_updatesToMarketAndEventFixture_preservesOutcomes" classname="feedme.NoSqlConnectionTests" time="0.21"/>
  <testcase name="updateMarketInEventFixtureDocument" classname="feedme.NoSqlConnectionTests" time="0.214">
    <failure type="java.lang.AssertionError">java.lang.AssertionError
	at feedme.NoSqlConnectionTests.updateMarketInEventFixtureDocument(NoSqlConnectionTests.java:240)
</failure>
    <system-out><![CDATA[Root element :types
19:53:25.836 [main] INFO org.mongodb.driver.cluster - Cluster created with settings {hosts=[localhost:27017], mode=SINGLE, requiredClusterType=UNKNOWN, serverSelectionTimeout='30000 ms', maxWaitQueueSize=500}
19:53:25.838 [main] DEBUG org.mongodb.driver.cluster - Updating cluster description to  {type=UNKNOWN, servers=[{address=localhost:27017, type=UNKNOWN, state=CONNECTING}]
19:53:25.838 [main] INFO org.mongodb.driver.cluster - Cluster description not yet available. Waiting for 30000 ms before timing out
19:53:25.841 [cluster-ClusterId{value='5b3923250c8198405b154c3b', description='null'}-localhost:27017] INFO org.mongodb.driver.connection - Opened connection [connectionId{localValue:21, serverValue:114}] to localhost:27017
19:53:25.841 [cluster-ClusterId{value='5b3923250c8198405b154c3b', description='null'}-localhost:27017] DEBUG org.mongodb.driver.cluster - Checking status of localhost:27017
19:53:25.842 [cluster-ClusterId{value='5b3923250c8198405b154c3b', description='null'}-localhost:27017] DEBUG org.mongodb.driver.protocol.command - Sending command '{ "ismaster" : 1, "$db" : "admin" }' with request id 143 to database admin on connection [connectionId{localValue:21, serverValue:114}] to server localhost:27017
19:53:25.842 [cluster-ClusterId{value='5b3923250c8198405b154c3b', description='null'}-localhost:27017] DEBUG org.mongodb.driver.protocol.command - Execution of command with request id 143 completed successfully in 0.78 ms on connection [connectionId{localValue:21, serverValue:114}] to server localhost:27017
19:53:25.843 [cluster-ClusterId{value='5b3923250c8198405b154c3b', description='null'}-localhost:27017] INFO org.mongodb.driver.cluster - Monitor thread successfully connected to server with description ServerDescription{address=localhost:27017, type=STANDALONE, state=CONNECTED, ok=true, version=ServerVersion{versionList=[4, 0, 0]}, minWireVersion=0, maxWireVersion=7, maxDocumentSize=16777216, logicalSessionTimeoutMinutes=30, roundTripTimeNanos=1543952}
19:53:25.844 [cluster-ClusterId{value='5b3923250c8198405b154c3b', description='null'}-localhost:27017] DEBUG org.mongodb.driver.cluster - Updating cluster description to  {type=STANDALONE, servers=[{address=localhost:27017, type=STANDALONE, roundTripTime=1.5 ms, state=CONNECTED}]
19:53:25.846 [main] INFO org.mongodb.driver.connection - Opened connection [connectionId{localValue:22, serverValue:115}] to localhost:27017
19:53:25.847 [main] DEBUG org.mongodb.driver.protocol.command - Sending command '{ "drop" : "fixtures", "$db" : "feedme", "$readPreference" : { "mode" : "primaryPreferred" } }' with request id 147 to database feedme on connection [connectionId{localValue:22, serverValue:115}] to server localhost:27017
19:53:25.896 [main] DEBUG org.mongodb.driver.protocol.command - Execution of command with request id 147 completed successfully in 49.36 ms on connection [connectionId{localValue:22, serverValue:115}] to server localhost:27017
|77|create|event|1530405905035|fdc72db0-10a9-45d4-b30a-797609b046bd|Football|Sky Bet Championship|\|Cardiff\| vs \|Bristol City\||1530405913833|0|1|
19:53:25.898 [main] DEBUG org.mongodb.driver.protocol.command - Sending command '{ "update" : "fixtures", "ordered" : true, "bypassDocumentValidation" : true, "$db" : "feedme", "updates" : [{ "q" : { "event.body.eventId" : "fdc72db0-10a9-45d4-b30a-797609b046bd" }, "u" : { "event" : { "header" : { "msgId" : 77, "operation" : "create", "type" : "event", "timestamp" : 1530405905035 }, "body" : { "eventId" : "fdc72db0-10a9-45d4-b30a-797609b046bd", "category" : "Football", "subCategory" : "Sky Bet Championship", "name" : "\\|Cardiff\\| vs \\|Bristol City\\|", "startTime" : 1530405913833, "displayed" : false, "suspended" : true }, "markets" : [] } }, "upsert" : true }] }' with request id 148 to database feedme on connection [connectionId{localValue:22, serverValue:115}] to server localhost:27017
19:53:26.023 [main] DEBUG org.mongodb.driver.protocol.command - Execution of command with request id 148 completed successfully in 124.76 ms on connection [connectionId{localValue:22, serverValue:115}] to server localhost:27017
|78|create|market|1530405905035|fdc72db0-10a9-45d4-b30a-797609b046bd|28c5084a-7175-48cc-ac96-3d16b10c4471|Full Time Result|0|1|
19:53:26.026 [main] DEBUG org.mongodb.driver.protocol.command - Sending command '{ "update" : "fixtures", "ordered" : true, "$db" : "feedme", "updates" : [{ "q" : { "event.body.eventId" : "fdc72db0-10a9-45d4-b30a-797609b046bd" }, "u" : { "$addToSet" : { "event.markets" : { "market" : { "header" : { "msgId" : 78, "operation" : "create", "type" : "market", "timestamp" : 1530405905035 }, "body" : { "eventId" : "fdc72db0-10a9-45d4-b30a-797609b046bd", "marketId" : "28c5084a-7175-48cc-ac96-3d16b10c4471", "name" : "Full Time Result", "displayed" : false, "suspended" : true }, "outcomes" : [] } } } } }] }' with request id 149 to database feedme on connection [connectionId{localValue:22, serverValue:115}] to server localhost:27017
19:53:26.027 [main] DEBUG org.mongodb.driver.protocol.command - Execution of command with request id 149 completed successfully in 2.20 ms on connection [connectionId{localValue:22, serverValue:115}] to server localhost:27017
|103|create|market|1530405905037|fdc72db0-10a9-45d4-b30a-797609b046bd|921d7ad4-087c-4643-bda0-431332ac250e|Goal Handicap (-2)|0|1|
19:53:26.031 [main] DEBUG org.mongodb.driver.protocol.command - Sending command '{ "update" : "fixtures", "ordered" : true, "$db" : "feedme", "updates" : [{ "q" : { "event.body.eventId" : "fdc72db0-10a9-45d4-b30a-797609b046bd" }, "u" : { "$addToSet" : { "event.markets" : { "market" : { "header" : { "msgId" : 103, "operation" : "create", "type" : "market", "timestamp" : 1530405905037 }, "body" : { "eventId" : "fdc72db0-10a9-45d4-b30a-797609b046bd", "marketId" : "921d7ad4-087c-4643-bda0-431332ac250e", "name" : "Goal Handicap (-2)", "displayed" : false, "suspended" : true }, "outcomes" : [] } } } } }] }' with request id 150 to database feedme on connection [connectionId{localValue:22, serverValue:115}] to server localhost:27017
19:53:26.032 [main] DEBUG org.mongodb.driver.protocol.command - Execution of command with request id 150 completed successfully in 2.15 ms on connection [connectionId{localValue:22, serverValue:115}] to server localhost:27017
|268|update|market|1530405913836|fdc72db0-10a9-45d4-b30a-797609b046bd|28c5084a-7175-48cc-ac96-3d16b10c4471|Full Time Result|1|0|
19:53:26.035 [main] DEBUG org.mongodb.driver.protocol.command - Sending command '{ "update" : "fixtures", "ordered" : true, "$db" : "feedme", "updates" : [{ "q" : { "event.markets.market.body.marketId" : "28c5084a-7175-48cc-ac96-3d16b10c4471", "event.markets.market.header.msgId" : { "$lt" : 268 } }, "u" : { "$set" : { "event.markets.$.market.header" : { "msgId" : 268, "operation" : "update", "type" : "market", "timestamp" : 1530405913836 }, "event.markets.$.market.body" : { "eventId" : "fdc72db0-10a9-45d4-b30a-797609b046bd", "marketId" : "28c5084a-7175-48cc-ac96-3d16b10c4471", "name" : "Full Time Result", "displayed" : true, "suspended" : false } } } }] }' with request id 151 to database feedme on connection [connectionId{localValue:22, serverValue:115}] to server localhost:27017
19:53:26.037 [main] DEBUG org.mongodb.driver.protocol.command - Execution of command with request id 151 completed successfully in 2.11 ms on connection [connectionId{localValue:22, serverValue:115}] to server localhost:27017
|293|update|market|1530405913837|fdc72db0-10a9-45d4-b30a-797609b046bd|921d7ad4-087c-4643-bda0-431332ac250e|Goal Handicap (-2)|1|0|
19:53:26.040 [main] DEBUG org.mongodb.driver.protocol.command - Sending command '{ "update" : "fixtures", "ordered" : true, "$db" : "feedme", "updates" : [{ "q" : { "event.markets.market.body.marketId" : "921d7ad4-087c-4643-bda0-431332ac250e", "event.markets.market.header.msgId" : { "$lt" : 293 } }, "u" : { "$set" : { "event.markets.$.market.header" : { "msgId" : 293, "operation" : "update", "type" : "market", "timestamp" : 1530405913837 }, "event.markets.$.market.body" : { "eventId" : "fdc72db0-10a9-45d4-b30a-797609b046bd", "marketId" : "921d7ad4-087c-4643-bda0-431332ac250e", "name" : "Goal Handicap (-2)", "displayed" : true, "suspended" : false } } } }] }' with request id 152 to database feedme on connection [connectionId{localValue:22, serverValue:115}] to server localhost:27017
19:53:26.042 [main] DEBUG org.mongodb.driver.protocol.command - Execution of command with request id 152 completed successfully in 2.57 ms on connection [connectionId{localValue:22, serverValue:115}] to server localhost:27017
19:53:26.043 [main] DEBUG org.mongodb.driver.protocol.command - Sending command '{ "find" : "fixtures", "filter" : { "event.body.eventId" : "fdc72db0-10a9-45d4-b30a-797609b046bd" }, "limit" : 1, "singleBatch" : true, "$db" : "feedme", "$readPreference" : { "mode" : "primaryPreferred" } }' with request id 153 to database feedme on connection [connectionId{localValue:22, serverValue:115}] to server localhost:27017
19:53:26.044 [main] DEBUG org.mongodb.driver.protocol.command - Execution of command with request id 153 completed successfully in 1.00 ms on connection [connectionId{localValue:22, serverValue:115}] to server localhost:27017
]]></system-out>
  </testcase>
</testsuite>